# JRE version: OpenJDK Runtime Environment (17.0.11) (build 17.0.11+0--11852314)
# Java VM: OpenJDK 64-Bit Server VM (17.0.11+0--11852314, mixed mode, tiered, compressed oops, compressed class ptrs, g1 gc, windows-amd64)
GC Precious Log:
 CPUs: 8 total, 8 available
 Memory: 3682M
 Large Page Support: Disabled
 NUMA Support: Disabled
 Compressed Oops: Enabled (32-bit)
 Heap Region Size: 1M
 Heap Min Capacity: 8M
 Heap Initial Capacity: 58M
 Heap Max Capacity: 2G
 Pre-touch: Disabled
 Parallel Workers: 8
 Concurrent Workers: 2
 Concurrent Refinement Workers: 8
 Periodic GC: Disabled
Heap:
 garbage-first heap   total 458752K, used 360272K [0x0000000080000000, 0x0000000100000000)
  region size 1024K, 176 young (180224K), 21 survivors (21504K)
 Metaspace       used 118795K, committed 119616K, reserved 1179648K
  class space    used 16823K, committed 17216K, reserved 1048576K
GC Heap History (20 events):
Event: 37.948 GC heap before
{Heap before GC invocations=75 (full 0):
 garbage-first heap   total 390144K, used 324042K [0x0000000080000000, 0x0000000100000000)
  region size 1024K, 140 young (143360K), 3 survivors (3072K)
 Metaspace       used 115505K, committed 116288K, reserved 1179648K
  class space    used 16348K, committed 16704K, reserved 1048576K
}
Event: 37.954 GC heap after
{Heap after GC invocations=76 (full 0):
 garbage-first heap   total 390144K, used 184430K [0x0000000080000000, 0x0000000100000000)
  region size 1024K, 4 young (4096K), 4 survivors (4096K)
 Metaspace       used 115505K, committed 116288K, reserved 1179648K
  class space    used 16348K, committed 16704K, reserved 1048576K
}
Event: 38.229 GC heap before
{Heap before GC invocations=76 (full 0):
 garbage-first heap   total 390144K, used 328814K [0x0000000080000000, 0x0000000100000000)
  region size 1024K, 145 young (148480K), 4 survivors (4096K)
 Metaspace       used 115723K, committed 116544K, reserved 1179648K
  class space    used 16353K, committed 16768K, reserved 1048576K
}
Event: 38.240 GC heap after
{Heap after GC invocations=77 (full 0):
 garbage-first heap   total 390144K, used 184931K [0x0000000080000000, 0x0000000100000000)
  region size 1024K, 4 young (4096K), 4 survivors (4096K)
 Metaspace       used 115723K, committed 116544K, reserved 1179648K
  class space    used 16353K, committed 16768K, reserved 1048576K
}
Event: 38.543 GC heap before
{Heap before GC invocations=77 (full 0):
 garbage-first heap   total 390144K, used 332387K [0x0000000080000000, 0x0000000100000000)
  region size 1024K, 148 young (151552K), 4 survivors (4096K)
 Metaspace       used 116028K, committed 116800K, reserved 1179648K
  class space    used 16391K, committed 16768K, reserved 1048576K
}
Event: 38.555 GC heap after
{Heap after GC invocations=78 (full 0):
 garbage-first heap   total 390144K, used 185763K [0x0000000080000000, 0x0000000100000000)
  region size 1024K, 5 young (5120K), 5 survivors (5120K)
 Metaspace       used 116028K, committed 116800K, reserved 1179648K
  class space    used 16391K, committed 16768K, reserved 1048576K
}
Event: 38.872 GC heap before
{Heap before GC invocations=78 (full 0):
 garbage-first heap   total 390144K, used 334243K [0x0000000080000000, 0x0000000100000000)
  region size 1024K, 151 young (154624K), 5 survivors (5120K)
 Metaspace       used 116700K, committed 117568K, reserved 1179648K
  class space    used 16512K, committed 16896K, reserved 1048576K
}
Event: 38.887 GC heap after
{Heap after GC invocations=79 (full 0):
 garbage-first heap   total 458752K, used 186979K [0x0000000080000000, 0x0000000100000000)
  region size 1024K, 6 young (6144K), 6 survivors (6144K)
 Metaspace       used 116700K, committed 117568K, reserved 1179648K
  class space    used 16512K, committed 16896K, reserved 1048576K
}
Event: 39.354 GC heap before
{Heap before GC invocations=79 (full 0):
 garbage-first heap   total 458752K, used 394851K [0x0000000080000000, 0x0000000100000000)
  region size 1024K, 209 young (214016K), 6 survivors (6144K)
 Metaspace       used 117261K, committed 118080K, reserved 1179648K
  class space    used 16600K, committed 16960K, reserved 1048576K
}
Event: 39.364 GC heap after
{Heap after GC invocations=80 (full 0):
 garbage-first heap   total 458752K, used 187939K [0x0000000080000000, 0x0000000100000000)
  region size 1024K, 7 young (7168K), 7 survivors (7168K)
 Metaspace       used 117261K, committed 118080K, reserved 1179648K
  class space    used 16600K, committed 16960K, reserved 1048576K
}
Event: 39.939 GC heap before
{Heap before GC invocations=80 (full 0):
 garbage-first heap   total 458752K, used 396835K [0x0000000080000000, 0x0000000100000000)
  region size 1024K, 212 young (217088K), 7 survivors (7168K)
 Metaspace       used 118228K, committed 119040K, reserved 1179648K
  class space    used 16729K, committed 17088K, reserved 1048576K
}
Event: 39.956 GC heap after
{Heap after GC invocations=81 (full 0):
 garbage-first heap   total 458752K, used 190457K [0x0000000080000000, 0x0000000100000000)
  region size 1024K, 10 young (10240K), 10 survivors (10240K)
 Metaspace       used 118228K, committed 119040K, reserved 1179648K
  class space    used 16729K, committed 17088K, reserved 1048576K
}
Event: 40.410 GC heap before
{Heap before GC invocations=81 (full 0):
 garbage-first heap   total 458752K, used 398329K [0x0000000080000000, 0x0000000100000000)
  region size 1024K, 213 young (218112K), 10 survivors (10240K)
 Metaspace       used 118656K, committed 119552K, reserved 1179648K
  class space    used 16816K, committed 17216K, reserved 1048576K
}
Event: 40.423 GC heap after
{Heap after GC invocations=82 (full 0):
 garbage-first heap   total 458752K, used 189607K [0x0000000080000000, 0x0000000100000000)
  region size 1024K, 9 young (9216K), 9 survivors (9216K)
 Metaspace       used 118656K, committed 119552K, reserved 1179648K
  class space    used 16816K, committed 17216K, reserved 1048576K
}
Event: 40.834 GC heap before
{Heap before GC invocations=82 (full 0):
 garbage-first heap   total 458752K, used 399527K [0x0000000080000000, 0x0000000100000000)
  region size 1024K, 214 young (219136K), 9 survivors (9216K)
 Metaspace       used 118699K, committed 119552K, reserved 1179648K
  class space    used 16817K, committed 17216K, reserved 1048576K
}
Event: 40.847 GC heap after
{Heap after GC invocations=83 (full 0):
 garbage-first heap   total 458752K, used 192507K [0x0000000080000000, 0x0000000100000000)
  region size 1024K, 12 young (12288K), 12 survivors (12288K)
 Metaspace       used 118699K, committed 119552K, reserved 1179648K
  class space    used 16817K, committed 17216K, reserved 1048576K
}
Event: 41.197 GC heap before
{Heap before GC invocations=83 (full 0):
 garbage-first heap   total 458752K, used 398331K [0x0000000080000000, 0x0000000100000000)
  region size 1024K, 214 young (219136K), 12 survivors (12288K)
 Metaspace       used 118734K, committed 119616K, reserved 1179648K
  class space    used 16819K, committed 17216K, reserved 1048576K
}
Event: 41.212 GC heap after
{Heap after GC invocations=84 (full 0):
 garbage-first heap   total 458752K, used 195917K [0x0000000080000000, 0x0000000100000000)
  region size 1024K, 15 young (15360K), 15 survivors (15360K)
 Metaspace       used 118734K, committed 119616K, reserved 1179648K
  class space    used 16819K, committed 17216K, reserved 1048576K
}
Event: 41.596 GC heap before
{Heap before GC invocations=84 (full 0):
 garbage-first heap   total 458752K, used 395597K [0x0000000080000000, 0x0000000100000000)
  region size 1024K, 211 young (216064K), 15 survivors (15360K)
 Metaspace       used 118787K, committed 119616K, reserved 1179648K
  class space    used 16823K, committed 17216K, reserved 1048576K
}
Event: 41.618 GC heap after
{Heap after GC invocations=85 (full 0):
 garbage-first heap   total 458752K, used 202576K [0x0000000080000000, 0x0000000100000000)
  region size 1024K, 21 young (21504K), 21 survivors (21504K)
 Metaspace       used 118787K, committed 119616K, reserved 1179648K
  class space    used 16823K, committed 17216K, reserved 1048576K
}

