# JRE version: OpenJDK Runtime Environment (17.0.11) (build 17.0.11+0--11852314)
# Java VM: OpenJDK 64-Bit Server VM (17.0.11+0--11852314, mixed mode, tiered, compressed oops, compressed class ptrs, g1 gc, windows-amd64)
GC Precious Log:
 CPUs: 8 total, 8 available
 Memory: 3682M
 Large Page Support: Disabled
 NUMA Support: Disabled
 Compressed Oops: Enabled (32-bit)
 Heap Region Size: 1M
 Heap Min Capacity: 8M
 Heap Initial Capacity: 58M
 Heap Max Capacity: 2G
 Pre-touch: Disabled
 Parallel Workers: 8
 Concurrent Workers: 2
 Concurrent Refinement Workers: 8
 Periodic GC: Disabled
Heap:
 garbage-first heap   total 348160K, used 161044K [0x0000000080000000, 0x0000000100000000)
  region size 1024K, 9 young (9216K), 9 survivors (9216K)
 Metaspace       used 105972K, committed 106688K, reserved 1179648K
  class space    used 14746K, committed 15040K, reserved 1048576K
GC Heap History (20 events):
Event: 28.877 GC heap after
{Heap after GC invocations=52 (full 0):
 garbage-first heap   total 147456K, used 83155K [0x0000000080000000, 0x0000000100000000)
  region size 1024K, 5 young (5120K), 5 survivors (5120K)
 Metaspace       used 91449K, committed 92224K, reserved 1179648K
  class space    used 12701K, committed 13056K, reserved 1048576K
}
Event: 29.389 GC heap before
{Heap before GC invocations=53 (full 0):
 garbage-first heap   total 155648K, used 110803K [0x0000000080000000, 0x0000000100000000)
  region size 1024K, 34 young (34816K), 5 survivors (5120K)
 Metaspace       used 91905K, committed 92608K, reserved 1179648K
  class space    used 12773K, committed 13120K, reserved 1048576K
}
Event: 29.403 GC heap after
{Heap after GC invocations=54 (full 0):
 garbage-first heap   total 155648K, used 85605K [0x0000000080000000, 0x0000000100000000)
  region size 1024K, 5 young (5120K), 5 survivors (5120K)
 Metaspace       used 91905K, committed 92608K, reserved 1179648K
  class space    used 12773K, committed 13120K, reserved 1048576K
}
Event: 30.159 GC heap before
{Heap before GC invocations=55 (full 0):
 garbage-first heap   total 155648K, used 133733K [0x0000000080000000, 0x0000000100000000)
  region size 1024K, 48 young (49152K), 5 survivors (5120K)
 Metaspace       used 94788K, committed 95488K, reserved 1179648K
  class space    used 13103K, committed 13440K, reserved 1048576K
}
Event: 30.170 GC heap after
{Heap after GC invocations=56 (full 0):
 garbage-first heap   total 155648K, used 87178K [0x0000000080000000, 0x0000000100000000)
  region size 1024K, 4 young (4096K), 4 survivors (4096K)
 Metaspace       used 94788K, committed 95488K, reserved 1179648K
  class space    used 13103K, committed 13440K, reserved 1048576K
}
Event: 30.659 GC heap before
{Heap before GC invocations=56 (full 0):
 garbage-first heap   total 155648K, used 129162K [0x0000000080000000, 0x0000000100000000)
  region size 1024K, 46 young (47104K), 4 survivors (4096K)
 Metaspace       used 97438K, committed 98176K, reserved 1179648K
  class space    used 13468K, committed 13760K, reserved 1048576K
}
Event: 30.669 GC heap after
{Heap after GC invocations=57 (full 0):
 garbage-first heap   total 155648K, used 91229K [0x0000000080000000, 0x0000000100000000)
  region size 1024K, 6 young (6144K), 6 survivors (6144K)
 Metaspace       used 97438K, committed 98176K, reserved 1179648K
  class space    used 13468K, committed 13760K, reserved 1048576K
}
Event: 30.975 GC heap before
{Heap before GC invocations=58 (full 0):
 garbage-first heap   total 174080K, used 128093K [0x0000000080000000, 0x0000000100000000)
  region size 1024K, 43 young (44032K), 6 survivors (6144K)
 Metaspace       used 98098K, committed 98816K, reserved 1179648K
  class space    used 13544K, committed 13888K, reserved 1048576K
}
Event: 30.993 GC heap after
{Heap after GC invocations=59 (full 0):
 garbage-first heap   total 174080K, used 97902K [0x0000000080000000, 0x0000000100000000)
  region size 1024K, 6 young (6144K), 6 survivors (6144K)
 Metaspace       used 98098K, committed 98816K, reserved 1179648K
  class space    used 13544K, committed 13888K, reserved 1048576K
}
Event: 31.102 GC heap before
{Heap before GC invocations=59 (full 0):
 garbage-first heap   total 174080K, used 141934K [0x0000000080000000, 0x0000000100000000)
  region size 1024K, 50 young (51200K), 6 survivors (6144K)
 Metaspace       used 98638K, committed 99328K, reserved 1179648K
  class space    used 13616K, committed 13952K, reserved 1048576K
}
Event: 31.241 GC heap after
{Heap after GC invocations=60 (full 0):
 garbage-first heap   total 269312K, used 105138K [0x0000000080000000, 0x0000000100000000)
  region size 1024K, 7 young (7168K), 7 survivors (7168K)
 Metaspace       used 98638K, committed 99328K, reserved 1179648K
  class space    used 13616K, committed 13952K, reserved 1048576K
}
Event: 32.836 GC heap before
{Heap before GC invocations=61 (full 0):
 garbage-first heap   total 269312K, used 210610K [0x0000000080000000, 0x0000000100000000)
  region size 1024K, 111 young (113664K), 7 survivors (7168K)
 Metaspace       used 102570K, committed 103360K, reserved 1179648K
  class space    used 14195K, committed 14528K, reserved 1048576K
}
Event: 32.900 GC heap after
{Heap after GC invocations=62 (full 0):
 garbage-first heap   total 269312K, used 121481K [0x0000000080000000, 0x0000000100000000)
  region size 1024K, 14 young (14336K), 14 survivors (14336K)
 Metaspace       used 102570K, committed 103360K, reserved 1179648K
  class space    used 14195K, committed 14528K, reserved 1048576K
}
Event: 32.911 GC heap before
{Heap before GC invocations=62 (full 0):
 garbage-first heap   total 269312K, used 122505K [0x0000000080000000, 0x0000000100000000)
  region size 1024K, 15 young (15360K), 14 survivors (14336K)
 Metaspace       used 102577K, committed 103360K, reserved 1179648K
  class space    used 14196K, committed 14528K, reserved 1048576K
}
Event: 32.998 GC heap after
{Heap after GC invocations=63 (full 0):
 garbage-first heap   total 269312K, used 123778K [0x0000000080000000, 0x0000000100000000)
  region size 1024K, 2 young (2048K), 2 survivors (2048K)
 Metaspace       used 102577K, committed 103360K, reserved 1179648K
  class space    used 14196K, committed 14528K, reserved 1048576K
}
Event: 33.697 GC heap before
{Heap before GC invocations=63 (full 0):
 garbage-first heap   total 269312K, used 203650K [0x0000000080000000, 0x0000000100000000)
  region size 1024K, 81 young (82944K), 2 survivors (2048K)
 Metaspace       used 105044K, committed 105792K, reserved 1179648K
  class space    used 14646K, committed 14976K, reserved 1048576K
}
Event: 33.726 GC heap after
{Heap after GC invocations=64 (full 0):
 garbage-first heap   total 269312K, used 136837K [0x0000000080000000, 0x0000000100000000)
  region size 1024K, 11 young (11264K), 11 survivors (11264K)
 Metaspace       used 105044K, committed 105792K, reserved 1179648K
  class space    used 14646K, committed 14976K, reserved 1048576K
}
Event: 34.005 GC heap before
{Heap before GC invocations=64 (full 0):
 garbage-first heap   total 269312K, used 206469K [0x0000000080000000, 0x0000000100000000)
  region size 1024K, 79 young (80896K), 11 survivors (11264K)
 Metaspace       used 105291K, committed 106048K, reserved 1179648K
  class space    used 14656K, committed 14976K, reserved 1048576K
}
Event: 34.043 GC heap after
{Heap after GC invocations=65 (full 0):
 garbage-first heap   total 269312K, used 149625K [0x0000000080000000, 0x0000000100000000)
  region size 1024K, 10 young (10240K), 10 survivors (10240K)
 Metaspace       used 105291K, committed 106048K, reserved 1179648K
  class space    used 14656K, committed 14976K, reserved 1048576K
}
Event: 34.693 GC heap before
{Heap before GC invocations=65 (full 0):
 garbage-first heap   total 348160K, used 212089K [0x0000000080000000, 0x0000000100000000)
  region size 1024K, 71 young (72704K), 10 survivors (10240K)
 Metaspace       used 105972K, committed 106688K, reserved 1179648K
  class space    used 14746K, committed 15040K, reserved 1048576K
}

